<?xml version="1.0" encoding="UTF-8"?>
<testsuite xmlns:xsi="http://www.w3.org/2001/XMLSchema-instance" xsi:noNamespaceSchemaLocation="https://maven.apache.org/surefire/maven-surefire-plugin/xsd/surefire-test-report-3.0.xsd" version="3.0" name="omo.nov.keyboardtrainer.KeyboardTrainerApplicationTests" time="7.855" tests="1" errors="0" skipped="0" failures="0">
  <properties>
[...]
</properties>
  <testcase name="contextLoads" classname="omo.nov.keyboardtrainer.KeyboardTrainerApplicationTests" time="0.45">
    <system-out><![CDATA[22:50:24.238 [main] INFO org.springframework.test.context.support.AnnotationConfigContextLoaderUtils -- Could not detect default configuration classes for test class [omo.nov.keyboardtrainer.KeyboardTrainerApplicationTests]: KeyboardTrainerApplicationTests does not declare any static, non-private, non-final, nested classes annotated with @Configuration.
22:50:24.348 [main] INFO org.springframework.boot.test.context.SpringBootTestContextBootstrapper -- Found @SpringBootConfiguration omo.nov.keyboardtrainer.KeyboardTrainerApplication for test class omo.nov.keyboardtrainer.KeyboardTrainerApplicationTests

  .   ____          _            __ _ _
 /\\ / ___'_ __ _ _(_)_ __  __ _ \ \ \ \
( ( )\___ | '_ | '_| | '_ \/ _` | \ \ \ \
 \\/  ___)| |_)| | | | | || (_| |  ) ) ) )
  '  |____| .__|_| |_|_| |_\__, | / / / /
 =========|_|==============|___/=/_/_/_/
 :: Spring Boot ::                (v3.2.2)

2024-02-20T22:50:24.805+05:00  INFO 16560 --- [           main] o.n.k.KeyboardTrainerApplicationTests    : Starting KeyboardTrainerApplicationTests using Java 17.0.9 with PID 16560 (started by user in C:\Users\user\IdeaProjects\youngCoder)
2024-02-20T22:50:24.806+05:00  INFO 16560 --- [           main] o.n.k.KeyboardTrainerApplicationTests    : No active profile set, falling back to 1 default profile: "default"
2024-02-20T22:50:25.767+05:00  INFO 16560 --- [           main] .s.d.r.c.RepositoryConfigurationDelegate : Bootstrapping Spring Data JPA repositories in DEFAULT mode.
2024-02-20T22:50:25.852+05:00  INFO 16560 --- [           main] .s.d.r.c.RepositoryConfigurationDelegate : Finished Spring Data repository scanning in 75 ms. Found 8 JPA repository interfaces.
2024-02-20T22:50:26.505+05:00  INFO 16560 --- [           main] o.hibernate.jpa.internal.util.LogHelper  : HHH000204: Processing PersistenceUnitInfo [name: default]
2024-02-20T22:50:26.601+05:00  INFO 16560 --- [           main] org.hibernate.Version                    : HHH000412: Hibernate ORM core version 6.4.1.Final
2024-02-20T22:50:26.668+05:00  INFO 16560 --- [           main] o.h.c.internal.RegionFactoryInitiator    : HHH000026: Second-level cache disabled
2024-02-20T22:50:27.059+05:00  INFO 16560 --- [           main] o.s.o.j.p.SpringPersistenceUnitInfo      : No LoadTimeWeaver setup: ignoring JPA class transformer
2024-02-20T22:50:27.102+05:00  INFO 16560 --- [           main] com.zaxxer.hikari.HikariDataSource       : HikariPool-1 - Starting...
2024-02-20T22:50:27.357+05:00  INFO 16560 --- [           main] com.zaxxer.hikari.pool.HikariPool        : HikariPool-1 - Added connection org.postgresql.jdbc.PgConnection@29d3d0fb
2024-02-20T22:50:27.359+05:00  INFO 16560 --- [           main] com.zaxxer.hikari.HikariDataSource       : HikariPool-1 - Start completed.
2024-02-20T22:50:27.408+05:00  WARN 16560 --- [           main] org.hibernate.orm.deprecation            : HHH90000025: PostgreSQLDialect does not need to be specified explicitly using 'hibernate.dialect' (remove the property setting and it will be selected by default)
2024-02-20T22:50:28.559+05:00  INFO 16560 --- [           main] o.h.e.t.j.p.i.JtaPlatformInitiator       : HHH000489: No JTA platform available (set 'hibernate.transaction.jta.platform' to enable JTA platform integration)
Hibernate: alter table if exists attempt_contest drop constraint if exists FK5o0q5nbpcqwcixstrve09df3f
Hibernate: alter table if exists attempt_contest drop constraint if exists FKsja1t2o51w3en2qmmure93qe7
Hibernate: alter table if exists attempt_rate drop constraint if exists FK1fvcqlj5wwptiicj7bt27m41k
Hibernate: alter table if exists attempt_rate drop constraint if exists FK12gdan7ui5cm41pxg0f5xi557
Hibernate: alter table if exists prize_contest drop constraint if exists FKa5jbkskg81p40jd9s2wyeo41d
Hibernate: alter table if exists regular drop constraint if exists FKt1qqjblaovat8hbpovg10nvqg
Hibernate: alter table if exists regular_rate drop constraint if exists FK74ty2waj8fhlet17lmy4uv374
Hibernate: drop table if exists attempt_contest cascade
Hibernate: drop table if exists attempt_rate cascade
Hibernate: drop table if exists contest cascade
Hibernate: drop table if exists news cascade
Hibernate: drop table if exists prize_contest cascade
Hibernate: drop table if exists regular cascade
Hibernate: drop table if exists regular_rate cascade
Hibernate: drop table if exists users cascade
Hibernate: create table attempt_contest (false_letter_count integer, true_letter_count integer, contest_id bigint, created_at timestamp(6), end_at timestamp(6), start_at timestamp(6), updated_at timestamp(6), user_id bigint, id uuid not null, primary key (id))
Hibernate: create table attempt_rate (common_true integer, false_letter_count integer, true_letter_count integer, contest_id bigint, created_at timestamp(6), end_at timestamp(6), start_at timestamp(6), updated_at timestamp(6), user_id bigint, id uuid not null, primary key (id), unique (user_id, contest_id))
Hibernate: create table contest (limit_second_contest integer not null, created_at timestamp(6), end_at timestamp(6) not null, id bigserial not null, start_at timestamp(6) not null, updated_at timestamp(6), description text, status varchar(255) check (status in ('BOSHLANMAGAN','JARAYONDA','TUGADI')), title varchar(255) not null, primary key (id))
Hibernate: create table news (created_at timestamp(6), id bigserial not null, updated_at timestamp(6), image_url varchar(255), link varchar(255), primary key (id))
Hibernate: create table prize_contest (contest_id bigint, created_at timestamp(6), id bigserial not null, updated_at timestamp(6), description text, image_url varchar(255), title varchar(255) not null, primary key (id))
Hibernate: create table regular (common_true integer, false_letter_count integer, limit_second_regular integer, true_letter_count integer, created_at timestamp(6), end_at timestamp(6), start_at timestamp(6), updated_at timestamp(6), user_id bigint, id uuid not null, primary key (id))
Hibernate: create table regular_rate (common_true integer, false_letter_count integer, limit_second_regulate integer, true_letter_count integer, created_at timestamp(6), end_at timestamp(6), start_at timestamp(6), updated_at timestamp(6), user_id bigint, id uuid not null, primary key (id), unique (user_id, limit_second_regulate))
Hibernate: create table users (age integer, status boolean, created_at timestamp(6), id bigserial not null, updated_at timestamp(6), device_ip varchar(255), name varchar(255) not null, passwords varchar(255) not null, phone_number varchar(255) not null unique, region varchar(255) check (region in ('Toshkent','Andijon','Buxoro','Fargona','Jizzax','Namangan','Navoiy','Qashqadaryo','Samarqand','Sirdaryo','Surxandaryo','Xorazm','Qoraqalpogiston')), surname varchar(255) not null, system_role_name varchar(255) check (system_role_name in ('ROLE_ADMIN','ROLE_USER')), primary key (id))
Hibernate: alter table if exists attempt_contest add constraint FK5o0q5nbpcqwcixstrve09df3f foreign key (contest_id) references contest on delete cascade
Hibernate: alter table if exists attempt_contest add constraint FKsja1t2o51w3en2qmmure93qe7 foreign key (user_id) references users
Hibernate: alter table if exists attempt_rate add constraint FK1fvcqlj5wwptiicj7bt27m41k foreign key (contest_id) references contest on delete cascade
Hibernate: alter table if exists attempt_rate add constraint FK12gdan7ui5cm41pxg0f5xi557 foreign key (user_id) references users
Hibernate: alter table if exists prize_contest add constraint FKa5jbkskg81p40jd9s2wyeo41d foreign key (contest_id) references contest on delete cascade
Hibernate: alter table if exists regular add constraint FKt1qqjblaovat8hbpovg10nvqg foreign key (user_id) references users
Hibernate: alter table if exists regular_rate add constraint FK74ty2waj8fhlet17lmy4uv374 foreign key (user_id) references users
2024-02-20T22:50:28.669+05:00  INFO 16560 --- [           main] j.LocalContainerEntityManagerFactoryBean : Initialized JPA EntityManagerFactory for persistence unit 'default'
2024-02-20T22:50:29.233+05:00  INFO 16560 --- [           main] o.s.d.j.r.query.QueryEnhancerFactory     : Hibernate is in classpath; If applicable, HQL parser will be used.
2024-02-20T22:50:29.813+05:00  WARN 16560 --- [           main] o.s.aop.framework.CglibAopProxy          : Unable to proxy interface-implementing method [public final void org.springframework.web.filter.OncePerRequestFilter.doFilter(jakarta.servlet.ServletRequest,jakarta.servlet.ServletResponse,jakarta.servlet.FilterChain) throws jakarta.servlet.ServletException,java.io.IOException] because it is marked as final, consider using interface-based JDK proxies instead.
2024-02-20T22:50:29.814+05:00  WARN 16560 --- [           main] o.s.aop.framework.CglibAopProxy          : Unable to proxy interface-implementing method [public final void org.springframework.web.filter.GenericFilterBean.init(jakarta.servlet.FilterConfig) throws jakarta.servlet.ServletException] because it is marked as final, consider using interface-based JDK proxies instead.
2024-02-20T22:50:30.305+05:00  WARN 16560 --- [           main] JpaBaseConfiguration$JpaWebConfiguration : spring.jpa.open-in-view is enabled by default. Therefore, database queries may be performed during view rendering. Explicitly configure spring.jpa.open-in-view to disable this warning
2024-02-20T22:50:30.753+05:00  INFO 16560 --- [           main] o.s.s.web.DefaultSecurityFilterChain     : Will secure any request with [org.springframework.security.web.session.DisableEncodeUrlFilter@14c6d1b7, org.springframework.security.web.context.request.async.WebAsyncManagerIntegrationFilter@c2cc406, org.springframework.security.web.context.SecurityContextHolderFilter@30628ef9, org.springframework.security.web.header.HeaderWriterFilter@10ba757f, org.springframework.web.filter.CorsFilter@77c77a64, org.springframework.security.web.authentication.logout.LogoutFilter@23d030b1, omo.nov.keyboardtrainer.jwt.JwtFilter@7dfbdcfe, org.springframework.security.web.savedrequest.RequestCacheAwareFilter@77d5395a, org.springframework.security.web.servletapi.SecurityContextHolderAwareRequestFilter@7b0eb7e, org.springframework.security.web.authentication.AnonymousAuthenticationFilter@664c6bbc, org.springframework.security.web.session.SessionManagementFilter@38dde7ec, org.springframework.security.web.access.ExceptionTranslationFilter@71639428, org.springframework.security.web.access.intercept.AuthorizationFilter@28ea7f58]
2024-02-20T22:50:31.281+05:00  INFO 16560 --- [           main] o.n.k.KeyboardTrainerApplicationTests    : Started KeyboardTrainerApplicationTests in 6.752 seconds (process running for 7.767)
Hibernate: insert into users (age,created_at,device_ip,name,passwords,phone_number,region,status,surname,system_role_name,updated_at) values (?,?,?,?,?,?,?,?,?,?,?)
Hibernate: insert into contest (created_at,description,end_at,limit_second_contest,start_at,status,title,updated_at) values (?,?,?,?,?,?,?,?)
Hibernate: insert into news (created_at,image_url,link,updated_at) values (?,?,?,?)
Hibernate: insert into news (created_at,image_url,link,updated_at) values (?,?,?,?)
Hibernate: insert into news (created_at,image_url,link,updated_at) values (?,?,?,?)
Hibernate: insert into news (created_at,image_url,link,updated_at) values (?,?,?,?)
Hibernate: insert into news (created_at,image_url,link,updated_at) values (?,?,?,?)
Hibernate: insert into news (created_at,image_url,link,updated_at) values (?,?,?,?)
Hibernate: insert into news (created_at,image_url,link,updated_at) values (?,?,?,?)
Hibernate: insert into news (created_at,image_url,link,updated_at) values (?,?,?,?)
Hibernate: insert into news (created_at,image_url,link,updated_at) values (?,?,?,?)
Hibernate: insert into news (created_at,image_url,link,updated_at) values (?,?,?,?)
Hibernate: insert into news (created_at,image_url,link,updated_at) values (?,?,?,?)
Hibernate: insert into news (created_at,image_url,link,updated_at) values (?,?,?,?)
Hibernate: insert into news (created_at,image_url,link,updated_at) values (?,?,?,?)
Hibernate: insert into news (created_at,image_url,link,updated_at) values (?,?,?,?)
Hibernate: insert into news (created_at,image_url,link,updated_at) values (?,?,?,?)
Contest news va admin qo'shildi
]]></system-out>
  </testcase>
</testsuite>